[2023-11-21 15:44:19] local.ERROR: The "--columns" option does not exist. {"exception":"[object] (Symfony\\Component\\Console\\Exception\\RuntimeException(code: 0): The \"--columns\" option does not exist. at D:\\php\\upwork\\debendra\\sdshrms\\vendor\\symfony\\console\\Input\\ArgvInput.php:217)
[stacktrace]
#0 D:\\php\\upwork\\debendra\\sdshrms\\vendor\\symfony\\console\\Input\\ArgvInput.php(144): Symfony\\Component\\Console\\Input\\ArgvInput->addLongOption('columns', 'uri,name,action...')
#1 D:\\php\\upwork\\debendra\\sdshrms\\vendor\\symfony\\console\\Input\\ArgvInput.php(79): Symfony\\Component\\Console\\Input\\ArgvInput->parseLongOption('--columns=uri,n...')
#2 D:\\php\\upwork\\debendra\\sdshrms\\vendor\\symfony\\console\\Input\\ArgvInput.php(68): Symfony\\Component\\Console\\Input\\ArgvInput->parseToken('--columns=uri,n...', true)
#3 D:\\php\\upwork\\debendra\\sdshrms\\vendor\\symfony\\console\\Input\\Input.php(52): Symfony\\Component\\Console\\Input\\ArgvInput->parse()
#4 D:\\php\\upwork\\debendra\\sdshrms\\vendor\\symfony\\console\\Command\\Command.php(271): Symfony\\Component\\Console\\Input\\Input->bind(Object(Symfony\\Component\\Console\\Input\\InputDefinition))
#5 D:\\php\\upwork\\debendra\\sdshrms\\vendor\\laravel\\framework\\src\\Illuminate\\Console\\Command.php(151): Symfony\\Component\\Console\\Command\\Command->run(Object(Symfony\\Component\\Console\\Input\\ArgvInput), Object(Illuminate\\Console\\OutputStyle))
#6 D:\\php\\upwork\\debendra\\sdshrms\\vendor\\symfony\\console\\Application.php(1020): Illuminate\\Console\\Command->run(Object(Symfony\\Component\\Console\\Input\\ArgvInput), Object(Symfony\\Component\\Console\\Output\\ConsoleOutput))
#7 D:\\php\\upwork\\debendra\\sdshrms\\vendor\\symfony\\console\\Application.php(312): Symfony\\Component\\Console\\Application->doRunCommand(Object(Illuminate\\Foundation\\Console\\RouteListCommand), Object(Symfony\\Component\\Console\\Input\\ArgvInput), Object(Symfony\\Component\\Console\\Output\\ConsoleOutput))
#8 D:\\php\\upwork\\debendra\\sdshrms\\vendor\\symfony\\console\\Application.php(168): Symfony\\Component\\Console\\Application->doRun(Object(Symfony\\Component\\Console\\Input\\ArgvInput), Object(Symfony\\Component\\Console\\Output\\ConsoleOutput))
#9 D:\\php\\upwork\\debendra\\sdshrms\\vendor\\laravel\\framework\\src\\Illuminate\\Console\\Application.php(102): Symfony\\Component\\Console\\Application->run(Object(Symfony\\Component\\Console\\Input\\ArgvInput), Object(Symfony\\Component\\Console\\Output\\ConsoleOutput))
#10 D:\\php\\upwork\\debendra\\sdshrms\\vendor\\laravel\\framework\\src\\Illuminate\\Foundation\\Console\\Kernel.php(155): Illuminate\\Console\\Application->run(Object(Symfony\\Component\\Console\\Input\\ArgvInput), Object(Symfony\\Component\\Console\\Output\\ConsoleOutput))
#11 D:\\php\\upwork\\debendra\\sdshrms\\artisan(35): Illuminate\\Foundation\\Console\\Kernel->handle(Object(Symfony\\Component\\Console\\Input\\ArgvInput), Object(Symfony\\Component\\Console\\Output\\ConsoleOutput))
#12 {main}
"} 
[2023-11-21 15:44:23] local.ERROR: The "--columns" option does not exist. {"exception":"[object] (Symfony\\Component\\Console\\Exception\\RuntimeException(code: 0): The \"--columns\" option does not exist. at D:\\php\\upwork\\debendra\\sdshrms\\vendor\\symfony\\console\\Input\\ArgvInput.php:217)
[stacktrace]
#0 D:\\php\\upwork\\debendra\\sdshrms\\vendor\\symfony\\console\\Input\\ArgvInput.php(144): Symfony\\Component\\Console\\Input\\ArgvInput->addLongOption('columns', 'uri,name,action...')
#1 D:\\php\\upwork\\debendra\\sdshrms\\vendor\\symfony\\console\\Input\\ArgvInput.php(79): Symfony\\Component\\Console\\Input\\ArgvInput->parseLongOption('--columns=uri,n...')
#2 D:\\php\\upwork\\debendra\\sdshrms\\vendor\\symfony\\console\\Input\\ArgvInput.php(68): Symfony\\Component\\Console\\Input\\ArgvInput->parseToken('--columns=uri,n...', true)
#3 D:\\php\\upwork\\debendra\\sdshrms\\vendor\\symfony\\console\\Input\\Input.php(52): Symfony\\Component\\Console\\Input\\ArgvInput->parse()
#4 D:\\php\\upwork\\debendra\\sdshrms\\vendor\\symfony\\console\\Command\\Command.php(271): Symfony\\Component\\Console\\Input\\Input->bind(Object(Symfony\\Component\\Console\\Input\\InputDefinition))
#5 D:\\php\\upwork\\debendra\\sdshrms\\vendor\\laravel\\framework\\src\\Illuminate\\Console\\Command.php(151): Symfony\\Component\\Console\\Command\\Command->run(Object(Symfony\\Component\\Console\\Input\\ArgvInput), Object(Illuminate\\Console\\OutputStyle))
#6 D:\\php\\upwork\\debendra\\sdshrms\\vendor\\symfony\\console\\Application.php(1020): Illuminate\\Console\\Command->run(Object(Symfony\\Component\\Console\\Input\\ArgvInput), Object(Symfony\\Component\\Console\\Output\\ConsoleOutput))
#7 D:\\php\\upwork\\debendra\\sdshrms\\vendor\\symfony\\console\\Application.php(312): Symfony\\Component\\Console\\Application->doRunCommand(Object(Illuminate\\Foundation\\Console\\RouteListCommand), Object(Symfony\\Component\\Console\\Input\\ArgvInput), Object(Symfony\\Component\\Console\\Output\\ConsoleOutput))
#8 D:\\php\\upwork\\debendra\\sdshrms\\vendor\\symfony\\console\\Application.php(168): Symfony\\Component\\Console\\Application->doRun(Object(Symfony\\Component\\Console\\Input\\ArgvInput), Object(Symfony\\Component\\Console\\Output\\ConsoleOutput))
#9 D:\\php\\upwork\\debendra\\sdshrms\\vendor\\laravel\\framework\\src\\Illuminate\\Console\\Application.php(102): Symfony\\Component\\Console\\Application->run(Object(Symfony\\Component\\Console\\Input\\ArgvInput), Object(Symfony\\Component\\Console\\Output\\ConsoleOutput))
#10 D:\\php\\upwork\\debendra\\sdshrms\\vendor\\laravel\\framework\\src\\Illuminate\\Foundation\\Console\\Kernel.php(155): Illuminate\\Console\\Application->run(Object(Symfony\\Component\\Console\\Input\\ArgvInput), Object(Symfony\\Component\\Console\\Output\\ConsoleOutput))
#11 D:\\php\\upwork\\debendra\\sdshrms\\artisan(35): Illuminate\\Foundation\\Console\\Kernel->handle(Object(Symfony\\Component\\Console\\Input\\ArgvInput), Object(Symfony\\Component\\Console\\Output\\ConsoleOutput))
#12 {main}
"} 
[2023-11-21 15:44:26] local.ERROR: The "--columns" option does not exist. {"exception":"[object] (Symfony\\Component\\Console\\Exception\\RuntimeException(code: 0): The \"--columns\" option does not exist. at D:\\php\\upwork\\debendra\\sdshrms\\vendor\\symfony\\console\\Input\\ArgvInput.php:217)
[stacktrace]
#0 D:\\php\\upwork\\debendra\\sdshrms\\vendor\\symfony\\console\\Input\\ArgvInput.php(144): Symfony\\Component\\Console\\Input\\ArgvInput->addLongOption('columns', 'uri,name,action...')
#1 D:\\php\\upwork\\debendra\\sdshrms\\vendor\\symfony\\console\\Input\\ArgvInput.php(79): Symfony\\Component\\Console\\Input\\ArgvInput->parseLongOption('--columns=uri,n...')
#2 D:\\php\\upwork\\debendra\\sdshrms\\vendor\\symfony\\console\\Input\\ArgvInput.php(68): Symfony\\Component\\Console\\Input\\ArgvInput->parseToken('--columns=uri,n...', true)
#3 D:\\php\\upwork\\debendra\\sdshrms\\vendor\\symfony\\console\\Input\\Input.php(52): Symfony\\Component\\Console\\Input\\ArgvInput->parse()
#4 D:\\php\\upwork\\debendra\\sdshrms\\vendor\\symfony\\console\\Command\\Command.php(271): Symfony\\Component\\Console\\Input\\Input->bind(Object(Symfony\\Component\\Console\\Input\\InputDefinition))
#5 D:\\php\\upwork\\debendra\\sdshrms\\vendor\\laravel\\framework\\src\\Illuminate\\Console\\Command.php(151): Symfony\\Component\\Console\\Command\\Command->run(Object(Symfony\\Component\\Console\\Input\\ArgvInput), Object(Illuminate\\Console\\OutputStyle))
#6 D:\\php\\upwork\\debendra\\sdshrms\\vendor\\symfony\\console\\Application.php(1020): Illuminate\\Console\\Command->run(Object(Symfony\\Component\\Console\\Input\\ArgvInput), Object(Symfony\\Component\\Console\\Output\\ConsoleOutput))
#7 D:\\php\\upwork\\debendra\\sdshrms\\vendor\\symfony\\console\\Application.php(312): Symfony\\Component\\Console\\Application->doRunCommand(Object(Illuminate\\Foundation\\Console\\RouteListCommand), Object(Symfony\\Component\\Console\\Input\\ArgvInput), Object(Symfony\\Component\\Console\\Output\\ConsoleOutput))
#8 D:\\php\\upwork\\debendra\\sdshrms\\vendor\\symfony\\console\\Application.php(168): Symfony\\Component\\Console\\Application->doRun(Object(Symfony\\Component\\Console\\Input\\ArgvInput), Object(Symfony\\Component\\Console\\Output\\ConsoleOutput))
#9 D:\\php\\upwork\\debendra\\sdshrms\\vendor\\laravel\\framework\\src\\Illuminate\\Console\\Application.php(102): Symfony\\Component\\Console\\Application->run(Object(Symfony\\Component\\Console\\Input\\ArgvInput), Object(Symfony\\Component\\Console\\Output\\ConsoleOutput))
#10 D:\\php\\upwork\\debendra\\sdshrms\\vendor\\laravel\\framework\\src\\Illuminate\\Foundation\\Console\\Kernel.php(155): Illuminate\\Console\\Application->run(Object(Symfony\\Component\\Console\\Input\\ArgvInput), Object(Symfony\\Component\\Console\\Output\\ConsoleOutput))
#11 D:\\php\\upwork\\debendra\\sdshrms\\artisan(35): Illuminate\\Foundation\\Console\\Kernel->handle(Object(Symfony\\Component\\Console\\Input\\ArgvInput), Object(Symfony\\Component\\Console\\Output\\ConsoleOutput))
#12 {main}
"} 
